<?xml version="1.0" encoding="UTF-8"?>
<!-- Generated by org.testng.reporters.JUnitReportReporter -->
<testsuite hostname="DESKTOP-2A7S6QF" failures="0" tests="3" name="com.cicd_test_auto_proj_1.demo1.TestClass1" time="1.263" errors="0" timestamp="05 Jan 2024 16:51:07 GMT" skipped="0">
  <testcase classname="com.cicd_test_auto_proj_1.demo1.TestClass1" name="Test3" time="0.001"/>
  <testcase classname="com.cicd_test_auto_proj_1.demo1.TestClass1" name="Test2" time="0.002"/>
  <testcase classname="com.cicd_test_auto_proj_1.demo1.TestClass1" name="Test1" time="1.260"/>
</testsuite> <!-- com.cicd_test_auto_proj_1.demo1.TestClass1 -->
