<?xml version="1.0" encoding="UTF-8"?>
<!-- Generated by org.testng.reporters.JUnitReportReporter -->
<testsuite skipped="0" hostname="DESKTOP-2A7S6QF" name="com.cicd_test_auto_proj_1.demo1.TestClass1" tests="3" failures="0" timestamp="06 Apr 2023 19:22:01 GMT" time="1.462" errors="0">
  <testcase name="Test3" time="0.001" classname="com.cicd_test_auto_proj_1.demo1.TestClass1"/>
  <testcase name="Test1" time="1.460" classname="com.cicd_test_auto_proj_1.demo1.TestClass1"/>
  <testcase name="Test2" time="0.001" classname="com.cicd_test_auto_proj_1.demo1.TestClass1"/>
</testsuite> <!-- com.cicd_test_auto_proj_1.demo1.TestClass1 -->
